d:\网络编程\实现\聊天室\期末作品\client\debug\client.bsc
d:\网络编程\实现\聊天室\期末作品\client\debug\vc142.pdb
d:\网络编程\实现\聊天室\期末作品\client\debug\client.pch
d:\网络编程\实现\聊天室\期末作品\client\debug\stdafx.sbr
d:\网络编程\实现\聊天室\期末作品\client\debug\stdafx.obj
d:\网络编程\实现\聊天室\期末作品\client\debug\accessdb.sbr
d:\网络编程\实现\聊天室\期末作品\client\debug\client.sbr
d:\网络编程\实现\聊天室\期末作品\client\debug\dialog.sbr
d:\网络编程\实现\聊天室\期末作品\client\debug\dialog2.sbr
d:\网络编程\实现\聊天室\期末作品\client\debug\forgetdlg.sbr
d:\网络编程\实现\聊天室\期末作品\client\debug\inform.sbr
d:\网络编程\实现\聊天室\期末作品\client\debug\logindlg.sbr
d:\网络编程\实现\聊天室\期末作品\client\debug\msgex.sbr
d:\网络编程\实现\聊天室\期末作品\client\debug\mydate.sbr
d:\网络编程\实现\聊天室\期末作品\client\debug\signindlg.sbr
d:\网络编程\实现\聊天室\期末作品\client\debug\signindlg.obj
d:\网络编程\实现\聊天室\期末作品\client\debug\mydate.obj
d:\网络编程\实现\聊天室\期末作品\client\debug\msgex.obj
d:\网络编程\实现\聊天室\期末作品\client\debug\logindlg.obj
d:\网络编程\实现\聊天室\期末作品\client\debug\inform.obj
d:\网络编程\实现\聊天室\期末作品\client\debug\forgetdlg.obj
d:\网络编程\实现\聊天室\期末作品\client\debug\dialog2.obj
d:\网络编程\实现\聊天室\期末作品\client\debug\dialog.obj
d:\网络编程\实现\聊天室\期末作品\client\debug\client.obj
d:\网络编程\实现\聊天室\期末作品\client\debug\accessdb.obj
d:\网络编程\实现\聊天室\期末作品\client\debug\client.exe
d:\网络编程\实现\聊天室\期末作品\client\debug\client.ilk
d:\网络编程\实现\聊天室\期末作品\client\debug\client.pdb
d:\网络编程\实现\聊天室\期末作品\client\debug\client.res
d:\网络编程\实现\聊天室\期末作品\client\debug\deletemsg.obj
d:\网络编程\实现\聊天室\期末作品\client\debug\msado15.tli
d:\网络编程\实现\聊天室\期末作品\client\debug\msado15.tlh
d:\网络编程\实现\聊天室\期末作品\client\debug\vc142.idb
d:\网络编程\实现\聊天室\期末作品\client\debug\vc60.idb
d:\网络编程\实现\聊天室\期末作品\client\debug\vc60.pdb
d:\网络编程\实现\聊天室\期末作品\client\debug\.sbr
d:\网络编程\实现\聊天室\期末作品\client\debug\deletemsg.sbr
d:\网络编程\实现\聊天室\期末作品\client\debug\client.tlog\bscmake.command.1.tlog
d:\网络编程\实现\聊天室\期末作品\client\debug\client.tlog\bscmake.read.1.tlog
d:\网络编程\实现\聊天室\期末作品\client\debug\client.tlog\bscmake.write.1.tlog
d:\网络编程\实现\聊天室\期末作品\client\debug\client.tlog\cl.command.1.tlog
d:\网络编程\实现\聊天室\期末作品\client\debug\client.tlog\cl.read.1.tlog
d:\网络编程\实现\聊天室\期末作品\client\debug\client.tlog\cl.write.1.tlog
d:\网络编程\实现\聊天室\期末作品\client\debug\client.tlog\link.command.1.tlog
d:\网络编程\实现\聊天室\期末作品\client\debug\client.tlog\link.read.1.tlog
d:\网络编程\实现\聊天室\期末作品\client\debug\client.tlog\link.write.1.tlog
d:\网络编程\实现\聊天室\期末作品\client\debug\client.tlog\rc.command.1.tlog
d:\网络编程\实现\聊天室\期末作品\client\debug\client.tlog\rc.read.1.tlog
d:\网络编程\实现\聊天室\期末作品\client\debug\client.tlog\rc.write.1.tlog
